{"level":"info","message":"Hello from acquistions","service":"acquisitions-api"}
{"level":"info","message":"::1 - - [31/Oct/2025:15:19:19 +0000] \"GET / HTTP/1.1\" 304 - \"-\" \"Mozilla/5.0 (Macintosh; Intel Mac OS X 10_15_7) AppleWebKit/537.36 (KHTML, like Gecko) Chrome/142.0.0.0 Safari/537.36\"","service":"acquisitions-api"}
{"level":"info","message":"::1 - - [31/Oct/2025:15:19:19 +0000] \"GET /favicon.ico HTTP/1.1\" 404 150 \"-\" \"Mozilla/5.0 (Macintosh; Intel Mac OS X 10_15_7) AppleWebKit/537.36 (KHTML, like Gecko) Chrome/142.0.0.0 Safari/537.36\"","service":"acquisitions-api"}
{"level":"info","message":"Hello from acquistions","service":"acquisitions-api"}
{"level":"info","message":"::1 - - [31/Oct/2025:19:39:19 +0000] \"GET / HTTP/1.1\" 304 - \"-\" \"Mozilla/5.0 (Macintosh; Intel Mac OS X 10_15_7) AppleWebKit/537.36 (KHTML, like Gecko) Chrome/142.0.0.0 Safari/537.36\"","service":"acquisitions-api"}
{"level":"info","message":"Hello from acquistions","service":"acquisitions-api"}
{"level":"info","message":"::1 - - [31/Oct/2025:19:39:22 +0000] \"GET / HTTP/1.1\" 304 - \"-\" \"Mozilla/5.0 (Macintosh; Intel Mac OS X 10_15_7) AppleWebKit/537.36 (KHTML, like Gecko) Chrome/142.0.0.0 Safari/537.36\"","service":"acquisitions-api"}
{"level":"info","message":"Hello from acquistions","service":"acquisitions-api"}
{"level":"info","message":"::1 - - [31/Oct/2025:19:39:22 +0000] \"GET / HTTP/1.1\" 304 - \"-\" \"Mozilla/5.0 (Macintosh; Intel Mac OS X 10_15_7) AppleWebKit/537.36 (KHTML, like Gecko) Chrome/142.0.0.0 Safari/537.36\"","service":"acquisitions-api"}
{"level":"info","message":"Hello from acquistions","service":"acquisitions-api"}
{"level":"info","message":"::1 - - [31/Oct/2025:19:39:22 +0000] \"GET / HTTP/1.1\" 304 - \"-\" \"Mozilla/5.0 (Macintosh; Intel Mac OS X 10_15_7) AppleWebKit/537.36 (KHTML, like Gecko) Chrome/142.0.0.0 Safari/537.36\"","service":"acquisitions-api"}
{"level":"info","message":"Hello from acquistions","service":"acquisitions-api"}
{"level":"info","message":"::1 - - [31/Oct/2025:19:39:23 +0000] \"GET / HTTP/1.1\" 304 - \"-\" \"Mozilla/5.0 (Macintosh; Intel Mac OS X 10_15_7) AppleWebKit/537.36 (KHTML, like Gecko) Chrome/142.0.0.0 Safari/537.36\"","service":"acquisitions-api"}
{"ip":"::1","level":"warn","message":"Rate limit exceeded","path":"/","service":"acquisitions-api","userAgent":"Mozilla/5.0 (Macintosh; Intel Mac OS X 10_15_7) AppleWebKit/537.36 (KHTML, like Gecko) Chrome/142.0.0.0 Safari/537.36"}
{"ip":"::1","level":"warn","message":"Rate limit exceeded","path":"/","service":"acquisitions-api","userAgent":"Mozilla/5.0 (Macintosh; Intel Mac OS X 10_15_7) AppleWebKit/537.36 (KHTML, like Gecko) Chrome/142.0.0.0 Safari/537.36"}
{"ip":"::1","level":"warn","message":"Rate limit exceeded","path":"/health","service":"acquisitions-api","userAgent":"Mozilla/5.0 (Macintosh; Intel Mac OS X 10_15_7) AppleWebKit/537.36 (KHTML, like Gecko) Chrome/142.0.0.0 Safari/537.36"}
{"ip":"::1","level":"warn","message":"Rate limit exceeded","path":"/health","service":"acquisitions-api","userAgent":"Mozilla/5.0 (Macintosh; Intel Mac OS X 10_15_7) AppleWebKit/537.36 (KHTML, like Gecko) Chrome/142.0.0.0 Safari/537.36"}
{"ip":"::1","level":"warn","message":"Rate limit exceeded","path":"/","service":"acquisitions-api","userAgent":"Mozilla/5.0 (Macintosh; Intel Mac OS X 10_15_7) AppleWebKit/537.36 (KHTML, like Gecko) Chrome/142.0.0.0 Safari/537.36"}
{"level":"info","message":"::1 - - [03/Nov/2025:11:39:44 +0000] \"GET /health HTTP/1.1\" 200 75 \"-\" \"-\"","service":"acquisitions-api"}
{"level":"info","message":"::1 - - [03/Nov/2025:11:40:14 +0000] \"GET /health HTTP/1.1\" 200 75 \"-\" \"-\"","service":"acquisitions-api"}
{"level":"info","message":"::1 - - [03/Nov/2025:11:40:45 +0000] \"GET /health HTTP/1.1\" 200 76 \"-\" \"-\"","service":"acquisitions-api"}
{"level":"info","message":"::1 - - [03/Nov/2025:11:41:15 +0000] \"GET /health HTTP/1.1\" 200 76 \"-\" \"-\"","service":"acquisitions-api"}
{"level":"info","message":"::1 - - [03/Nov/2025:11:41:45 +0000] \"GET /health HTTP/1.1\" 200 77 \"-\" \"-\"","service":"acquisitions-api"}
{"level":"info","message":"::1 - - [03/Nov/2025:11:42:16 +0000] \"GET /health HTTP/1.1\" 200 77 \"-\" \"-\"","service":"acquisitions-api"}
{"level":"info","message":"::1 - - [03/Nov/2025:11:42:46 +0000] \"GET /health HTTP/1.1\" 200 77 \"-\" \"-\"","service":"acquisitions-api"}
{"level":"info","message":"::1 - - [03/Nov/2025:11:43:16 +0000] \"GET /health HTTP/1.1\" 200 77 \"-\" \"-\"","service":"acquisitions-api"}
{"level":"info","message":"::1 - - [03/Nov/2025:11:43:47 +0000] \"GET /health HTTP/1.1\" 200 76 \"-\" \"-\"","service":"acquisitions-api"}
{"level":"info","message":"::1 - - [03/Nov/2025:11:44:17 +0000] \"GET /health HTTP/1.1\" 200 77 \"-\" \"-\"","service":"acquisitions-api"}
{"level":"info","message":"::1 - - [03/Nov/2025:11:44:47 +0000] \"GET /health HTTP/1.1\" 200 77 \"-\" \"-\"","service":"acquisitions-api"}
{"ip":"::ffff:192.168.65.1","level":"warn","message":"Bot request blocked","path":"/health","service":"acquisitions-api","userAgent":"PostmanRuntime/7.45.0"}
{"ip":"::ffff:192.168.65.1","level":"warn","message":"Bot request blocked","path":"/health","service":"acquisitions-api","userAgent":"PostmanRuntime/7.45.0"}
{"ip":"::ffff:192.168.65.1","level":"warn","message":"Bot request blocked","path":"/health","service":"acquisitions-api","userAgent":"PostmanRuntime/7.45.0"}
{"level":"info","message":"::1 - - [03/Nov/2025:11:45:18 +0000] \"GET /health HTTP/1.1\" 200 77 \"-\" \"-\"","service":"acquisitions-api"}
{"ip":"::ffff:192.168.65.1","level":"warn","message":"Bot request blocked","path":"/","service":"acquisitions-api","userAgent":"Mozilla/5.0 (Macintosh; Intel Mac OS X 10_15_7) AppleWebKit/537.36 (KHTML, like Gecko) Chrome/142.0.0.0 Safari/537.36"}
{"ip":"::ffff:192.168.65.1","level":"warn","message":"Bot request blocked","path":"/favicon.ico","service":"acquisitions-api","userAgent":"Mozilla/5.0 (Macintosh; Intel Mac OS X 10_15_7) AppleWebKit/537.36 (KHTML, like Gecko) Chrome/142.0.0.0 Safari/537.36"}
{"ip":"::ffff:192.168.65.1","level":"warn","message":"Bot request blocked","path":"/health","service":"acquisitions-api","userAgent":"Mozilla/5.0 (Macintosh; Intel Mac OS X 10_15_7) AppleWebKit/537.36 (KHTML, like Gecko) Chrome/142.0.0.0 Safari/537.36"}
{"ip":"::ffff:192.168.65.1","level":"warn","message":"Bot request blocked","path":"/favicon.ico","service":"acquisitions-api","userAgent":"Mozilla/5.0 (Macintosh; Intel Mac OS X 10_15_7) AppleWebKit/537.36 (KHTML, like Gecko) Chrome/142.0.0.0 Safari/537.36"}
{"level":"info","message":"::1 - - [03/Nov/2025:11:45:48 +0000] \"GET /health HTTP/1.1\" 200 77 \"-\" \"-\"","service":"acquisitions-api"}
{"level":"info","message":"::1 - - [03/Nov/2025:11:47:53 +0000] \"GET /health HTTP/1.1\" 200 75 \"-\" \"-\"","service":"acquisitions-api"}
{"level":"info","message":"Hello from acquistions","service":"acquisitions-api"}
{"level":"info","message":"::ffff:192.168.65.1 - - [03/Nov/2025:11:47:57 +0000] \"GET / HTTP/1.1\" 200 22 \"-\" \"Mozilla/5.0 (Macintosh; Intel Mac OS X 10_15_7) AppleWebKit/537.36 (KHTML, like Gecko) Chrome/142.0.0.0 Safari/537.36\"","service":"acquisitions-api"}
{"level":"info","message":"::ffff:192.168.65.1 - - [03/Nov/2025:11:47:57 +0000] \"GET /favicon.ico HTTP/1.1\" 404 150 \"-\" \"Mozilla/5.0 (Macintosh; Intel Mac OS X 10_15_7) AppleWebKit/537.36 (KHTML, like Gecko) Chrome/142.0.0.0 Safari/537.36\"","service":"acquisitions-api"}
{"level":"info","message":"::1 - - [03/Nov/2025:11:48:23 +0000] \"GET /health HTTP/1.1\" 200 76 \"-\" \"-\"","service":"acquisitions-api"}
{"level":"info","message":"::ffff:192.168.65.1 - - [03/Nov/2025:11:48:29 +0000] \"GET /health HTTP/1.1\" 200 76 \"-\" \"PostmanRuntime/7.45.0\"","service":"acquisitions-api"}
{"level":"info","message":"::1 - - [03/Nov/2025:11:48:53 +0000] \"GET /health HTTP/1.1\" 200 76 \"-\" \"-\"","service":"acquisitions-api"}
{"level":"info","message":"::1 - - [03/Nov/2025:11:49:23 +0000] \"GET /health HTTP/1.1\" 200 76 \"-\" \"-\"","service":"acquisitions-api"}
{"level":"info","message":"::1 - - [03/Nov/2025:11:49:53 +0000] \"GET /health HTTP/1.1\" 200 77 \"-\" \"-\"","service":"acquisitions-api"}
{"ip":"::ffff:192.168.65.1","level":"warn","message":"Bot request blocked","path":"/api/auth/sign-up","service":"acquisitions-api","userAgent":"PostmanRuntime/7.45.0"}
{"level":"info","message":"::1 - - [03/Nov/2025:11:50:23 +0000] \"GET /health HTTP/1.1\" 200 77 \"-\" \"-\"","service":"acquisitions-api"}
{"ip":"::ffff:192.168.65.1","level":"warn","message":"Bot request blocked","path":"/api/auth/sign-up","service":"acquisitions-api","userAgent":"PostmanRuntime/7.45.0"}
{"level":"info","message":"::ffff:192.168.65.1 - - [03/Nov/2025:11:50:42 +0000] \"GET /health HTTP/1.1\" 200 77 \"-\" \"PostmanRuntime/7.45.0\"","service":"acquisitions-api"}
{"level":"info","message":"::1 - - [03/Nov/2025:11:50:54 +0000] \"GET /health HTTP/1.1\" 200 77 \"-\" \"-\"","service":"acquisitions-api"}
{"level":"info","message":"::1 - - [03/Nov/2025:11:51:54 +0000] \"GET /health HTTP/1.1\" 200 76 \"-\" \"-\"","service":"acquisitions-api"}
{"level":"info","message":"::ffff:192.168.65.1 - - [03/Nov/2025:11:52:02 +0000] \"POST /api/auth/sign-up HTTP/1.1\" 200 31 \"-\" \"PostmanRuntime/7.45.0\"","service":"acquisitions-api"}
{"level":"info","message":"::1 - - [03/Nov/2025:11:52:24 +0000] \"GET /health HTTP/1.1\" 200 74 \"-\" \"-\"","service":"acquisitions-api"}
{"level":"info","message":"::1 - - [03/Nov/2025:11:52:55 +0000] \"GET /health HTTP/1.1\" 200 76 \"-\" \"-\"","service":"acquisitions-api"}
{"level":"error","message":"Error creating the user: Error: Failed query: select \"id\", \"name\", \"email\", \"password\", \"role\", \"created_at\", \"updated_at\" from \"users\" where \"users\".\"email\" = $1 limit $2\nparams: abc@abc.com,1","service":"acquisitions-api"}
{"cause":{"name":"NeonDbError","sourceError":{"cause":{"address":"::1","code":"ECONNREFUSED","errno":-111,"port":5432,"syscall":"connect"}}},"level":"error","message":"Signup error Failed query: select \"id\", \"name\", \"email\", \"password\", \"role\", \"created_at\", \"updated_at\" from \"users\" where \"users\".\"email\" = $1 limit $2\nparams: abc@abc.com,1","params":["abc@abc.com",1],"query":"select \"id\", \"name\", \"email\", \"password\", \"role\", \"created_at\", \"updated_at\" from \"users\" where \"users\".\"email\" = $1 limit $2","service":"acquisitions-api","stack":"Error: Failed query: select \"id\", \"name\", \"email\", \"password\", \"role\", \"created_at\", \"updated_at\" from \"users\" where \"users\".\"email\" = $1 limit $2\nparams: abc@abc.com,1\n    at NeonHttpPreparedQuery.queryWithCache (file:///app/node_modules/drizzle-orm/pg-core/session.js:41:15)\n    at process.processTicksAndRejections (node:internal/process/task_queues:95:5)\n    at async NeonHttpPreparedQuery.execute (file:///app/node_modules/drizzle-orm/neon-http/session.js:45:20)\n    at async createUser (file:///app/src/services/auth.service.js:27:26)\n    at async signup (file:///app/src/controllers/auth.controller.js:21:18)"}
{"level":"info","message":"::ffff:192.168.65.1 - - [03/Nov/2025:11:53:49 +0000] \"POST /api/auth/sign-up HTTP/1.1\" 500 910 \"-\" \"PostmanRuntime/7.45.0\"","service":"acquisitions-api"}
{"level":"info","message":"::1 - - [03/Nov/2025:11:53:55 +0000] \"GET /health HTTP/1.1\" 200 76 \"-\" \"-\"","service":"acquisitions-api"}
{"level":"info","message":"::1 - - [03/Nov/2025:11:54:25 +0000] \"GET /health HTTP/1.1\" 200 75 \"-\" \"-\"","service":"acquisitions-api"}
{"level":"info","message":"::1 - - [03/Nov/2025:11:54:55 +0000] \"GET /health HTTP/1.1\" 200 76 \"-\" \"-\"","service":"acquisitions-api"}
{"level":"info","message":"::1 - - [03/Nov/2025:11:55:25 +0000] \"GET /health HTTP/1.1\" 200 76 \"-\" \"-\"","service":"acquisitions-api"}
{"level":"info","message":"::1 - - [03/Nov/2025:11:55:56 +0000] \"GET /health HTTP/1.1\" 200 76 \"-\" \"-\"","service":"acquisitions-api"}
{"level":"info","message":"::1 - - [03/Nov/2025:11:56:26 +0000] \"GET /health HTTP/1.1\" 200 75 \"-\" \"-\"","service":"acquisitions-api"}
{"level":"error","message":"Error creating the user: Error: Failed query: select \"id\", \"name\", \"email\", \"password\", \"role\", \"created_at\", \"updated_at\" from \"users\" where \"users\".\"email\" = $1 limit $2\nparams: abc@abc.com,1","service":"acquisitions-api"}
{"cause":{"name":"NeonDbError","sourceError":{"cause":{"address":"::1","code":"ECONNREFUSED","errno":-111,"port":5432,"syscall":"connect"}}},"level":"error","message":"Signup error Failed query: select \"id\", \"name\", \"email\", \"password\", \"role\", \"created_at\", \"updated_at\" from \"users\" where \"users\".\"email\" = $1 limit $2\nparams: abc@abc.com,1","params":["abc@abc.com",1],"query":"select \"id\", \"name\", \"email\", \"password\", \"role\", \"created_at\", \"updated_at\" from \"users\" where \"users\".\"email\" = $1 limit $2","service":"acquisitions-api","stack":"Error: Failed query: select \"id\", \"name\", \"email\", \"password\", \"role\", \"created_at\", \"updated_at\" from \"users\" where \"users\".\"email\" = $1 limit $2\nparams: abc@abc.com,1\n    at NeonHttpPreparedQuery.queryWithCache (file:///app/node_modules/drizzle-orm/pg-core/session.js:41:15)\n    at process.processTicksAndRejections (node:internal/process/task_queues:95:5)\n    at async NeonHttpPreparedQuery.execute (file:///app/node_modules/drizzle-orm/neon-http/session.js:45:20)\n    at async createUser (file:///app/src/services/auth.service.js:27:26)\n    at async signup (file:///app/src/controllers/auth.controller.js:21:18)"}
{"level":"info","message":"::ffff:192.168.65.1 - - [03/Nov/2025:11:56:39 +0000] \"POST /api/auth/sign-up HTTP/1.1\" 500 910 \"-\" \"PostmanRuntime/7.45.0\"","service":"acquisitions-api"}
{"level":"info","message":"::1 - - [03/Nov/2025:11:57:49 +0000] \"GET /health HTTP/1.1\" 200 75 \"-\" \"-\"","service":"acquisitions-api"}
{"level":"info","message":"::1 - - [03/Nov/2025:11:58:19 +0000] \"GET /health HTTP/1.1\" 200 76 \"-\" \"-\"","service":"acquisitions-api"}
{"level":"info","message":"::1 - - [03/Nov/2025:11:58:49 +0000] \"GET /health HTTP/1.1\" 200 75 \"-\" \"-\"","service":"acquisitions-api"}
{"level":"info","message":"::ffff:192.168.65.1 - - [03/Nov/2025:11:59:15 +0000] \"GET /health HTTP/1.1\" 200 76 \"-\" \"PostmanRuntime/7.45.0\"","service":"acquisitions-api"}
{"level":"info","message":"::1 - - [03/Nov/2025:11:59:19 +0000] \"GET /health HTTP/1.1\" 200 75 \"-\" \"-\"","service":"acquisitions-api"}
{"level":"info","message":"User abc@abc.com created successfully","service":"acquisitions-api"}
{"level":"info","message":"User registered successfully: abc@abc.com","service":"acquisitions-api"}
{"level":"info","message":"::ffff:192.168.65.1 - - [03/Nov/2025:11:59:20 +0000] \"POST /api/auth/sign-up HTTP/1.1\" 201 94 \"-\" \"PostmanRuntime/7.45.0\"","service":"acquisitions-api"}
{"level":"info","message":"::1 - - [03/Nov/2025:11:59:49 +0000] \"GET /health HTTP/1.1\" 200 77 \"-\" \"-\"","service":"acquisitions-api"}
{"level":"info","message":"::1 - - [03/Nov/2025:12:00:19 +0000] \"GET /health HTTP/1.1\" 200 77 \"-\" \"-\"","service":"acquisitions-api"}
{"level":"info","message":"::1 - - [03/Nov/2025:12:00:50 +0000] \"GET /health HTTP/1.1\" 200 77 \"-\" \"-\"","service":"acquisitions-api"}
{"level":"info","message":"::1 - - [03/Nov/2025:12:01:20 +0000] \"GET /health HTTP/1.1\" 200 77 \"-\" \"-\"","service":"acquisitions-api"}
{"level":"info","message":"::1 - - [03/Nov/2025:12:01:50 +0000] \"GET /health HTTP/1.1\" 200 76 \"-\" \"-\"","service":"acquisitions-api"}
{"level":"info","message":"::1 - - [03/Nov/2025:12:02:20 +0000] \"GET /health HTTP/1.1\" 200 77 \"-\" \"-\"","service":"acquisitions-api"}
{"level":"info","message":"::1 - - [03/Nov/2025:12:04:18 +0000] \"GET /health HTTP/1.1\" 200 77 \"-\" \"-\"","service":"acquisitions-api"}
{"level":"info","message":"::1 - - [03/Nov/2025:12:04:48 +0000] \"GET /health HTTP/1.1\" 200 77 \"-\" \"-\"","service":"acquisitions-api"}
{"level":"info","message":"::1 - - [03/Nov/2025:12:05:18 +0000] \"GET /health HTTP/1.1\" 200 77 \"-\" \"-\"","service":"acquisitions-api"}
{"level":"info","message":"::1 - - [03/Nov/2025:12:05:48 +0000] \"GET /health HTTP/1.1\" 200 76 \"-\" \"-\"","service":"acquisitions-api"}
{"level":"info","message":"::1 - - [03/Nov/2025:12:23:23 +0000] \"GET /health HTTP/1.1\" 200 76 \"-\" \"-\"","service":"acquisitions-api"}
{"level":"info","message":"::1 - - [03/Nov/2025:12:23:53 +0000] \"GET /health HTTP/1.1\" 200 76 \"-\" \"-\"","service":"acquisitions-api"}
{"level":"info","message":"::1 - - [03/Nov/2025:12:24:24 +0000] \"GET /health HTTP/1.1\" 200 76 \"-\" \"-\"","service":"acquisitions-api"}
{"level":"info","message":"::1 - - [03/Nov/2025:12:24:54 +0000] \"GET /health HTTP/1.1\" 200 77 \"-\" \"-\"","service":"acquisitions-api"}
{"level":"info","message":"::1 - - [03/Nov/2025:12:26:04 +0000] \"GET /health HTTP/1.1\" 200 75 \"-\" \"-\"","service":"acquisitions-api"}
{"level":"info","message":"::1 - - [03/Nov/2025:12:26:34 +0000] \"GET /health HTTP/1.1\" 200 75 \"-\" \"-\"","service":"acquisitions-api"}
{"level":"info","message":"::1 - - [03/Nov/2025:12:27:04 +0000] \"GET /health HTTP/1.1\" 200 76 \"-\" \"-\"","service":"acquisitions-api"}
{"level":"info","message":"::1 - - [03/Nov/2025:12:27:34 +0000] \"GET /health HTTP/1.1\" 200 76 \"-\" \"-\"","service":"acquisitions-api"}
{"level":"info","message":"::ffff:192.168.65.1 - - [03/Nov/2025:12:30:40 +0000] \"GET /health HTTP/1.1\" 200 77 \"-\" \"PostmanRuntime/7.49.1\"","service":"acquisitions-api"}
{"level":"info","message":"::1 - - [03/Nov/2025:12:30:50 +0000] \"GET /health HTTP/1.1\" 200 77 \"-\" \"-\"","service":"acquisitions-api"}
{"level":"info","message":"::ffff:192.168.65.1 - - [03/Nov/2025:12:31:08 +0000] \"GET /api/users HTTP/1.1\" 401 72 \"-\" \"PostmanRuntime/7.49.1\"","service":"acquisitions-api"}
{"level":"info","message":"::1 - - [03/Nov/2025:12:31:20 +0000] \"GET /health HTTP/1.1\" 200 76 \"-\" \"-\"","service":"acquisitions-api"}
{"level":"info","message":"::1 - - [03/Nov/2025:12:31:50 +0000] \"GET /health HTTP/1.1\" 200 77 \"-\" \"-\"","service":"acquisitions-api"}
{"level":"info","message":"::1 - - [03/Nov/2025:12:42:26 +0000] \"GET /health HTTP/1.1\" 200 77 \"-\" \"-\"","service":"acquisitions-api"}
{"level":"info","message":"::1 - - [03/Nov/2025:13:03:01 +0000] \"GET /health HTTP/1.1\" 200 77 \"-\" \"-\"","service":"acquisitions-api"}
{"level":"info","message":"::1 - - [03/Nov/2025:13:13:34 +0000] \"GET /health HTTP/1.1\" 200 77 \"-\" \"-\"","service":"acquisitions-api"}
{"level":"info","message":"::1 - - [03/Nov/2025:13:25:13 +0000] \"GET /health HTTP/1.1\" 200 77 \"-\" \"-\"","service":"acquisitions-api"}
{"level":"info","message":"::1 - - [03/Nov/2025:13:35:47 +0000] \"GET /health HTTP/1.1\" 200 77 \"-\" \"-\"","service":"acquisitions-api"}
{"level":"info","message":"::1 - - [03/Nov/2025:13:42:16 +0000] \"GET /health HTTP/1.1\" 200 77 \"-\" \"-\"","service":"acquisitions-api"}
{"level":"info","message":"::1 - - [03/Nov/2025:13:42:46 +0000] \"GET /health HTTP/1.1\" 200 77 \"-\" \"-\"","service":"acquisitions-api"}
{"level":"info","message":"::1 - - [03/Nov/2025:13:43:16 +0000] \"GET /health HTTP/1.1\" 200 77 \"-\" \"-\"","service":"acquisitions-api"}
{"level":"info","message":"::1 - - [03/Nov/2025:13:43:46 +0000] \"GET /health HTTP/1.1\" 200 77 \"-\" \"-\"","service":"acquisitions-api"}
{"level":"info","message":"::1 - - [03/Nov/2025:13:44:16 +0000] \"GET /health HTTP/1.1\" 200 77 \"-\" \"-\"","service":"acquisitions-api"}
{"level":"info","message":"::1 - - [03/Nov/2025:13:44:46 +0000] \"GET /health HTTP/1.1\" 200 77 \"-\" \"-\"","service":"acquisitions-api"}
{"level":"info","message":"::1 - - [03/Nov/2025:13:45:17 +0000] \"GET /health HTTP/1.1\" 200 77 \"-\" \"-\"","service":"acquisitions-api"}
{"level":"info","message":"::1 - - [03/Nov/2025:13:45:47 +0000] \"GET /health HTTP/1.1\" 200 77 \"-\" \"-\"","service":"acquisitions-api"}
{"level":"info","message":"::1 - - [03/Nov/2025:13:46:17 +0000] \"GET /health HTTP/1.1\" 200 77 \"-\" \"-\"","service":"acquisitions-api"}
{"level":"info","message":"::1 - - [03/Nov/2025:13:46:47 +0000] \"GET /health HTTP/1.1\" 200 77 \"-\" \"-\"","service":"acquisitions-api"}
{"level":"info","message":"::1 - - [03/Nov/2025:13:47:17 +0000] \"GET /health HTTP/1.1\" 200 77 \"-\" \"-\"","service":"acquisitions-api"}
{"level":"info","message":"::1 - - [03/Nov/2025:13:47:47 +0000] \"GET /health HTTP/1.1\" 200 77 \"-\" \"-\"","service":"acquisitions-api"}
{"level":"info","message":"::1 - - [03/Nov/2025:13:48:18 +0000] \"GET /health HTTP/1.1\" 200 77 \"-\" \"-\"","service":"acquisitions-api"}
{"level":"info","message":"::1 - - [03/Nov/2025:13:48:48 +0000] \"GET /health HTTP/1.1\" 200 77 \"-\" \"-\"","service":"acquisitions-api"}
{"level":"info","message":"::1 - - [03/Nov/2025:13:49:18 +0000] \"GET /health HTTP/1.1\" 200 77 \"-\" \"-\"","service":"acquisitions-api"}
{"level":"info","message":"::1 - - [03/Nov/2025:13:49:48 +0000] \"GET /health HTTP/1.1\" 200 77 \"-\" \"-\"","service":"acquisitions-api"}
{"level":"info","message":"::1 - - [03/Nov/2025:13:50:18 +0000] \"GET /health HTTP/1.1\" 200 77 \"-\" \"-\"","service":"acquisitions-api"}
{"level":"info","message":"::1 - - [03/Nov/2025:13:50:48 +0000] \"GET /health HTTP/1.1\" 200 77 \"-\" \"-\"","service":"acquisitions-api"}
{"level":"info","message":"::1 - - [03/Nov/2025:13:51:18 +0000] \"GET /health HTTP/1.1\" 200 77 \"-\" \"-\"","service":"acquisitions-api"}
{"level":"info","message":"::1 - - [03/Nov/2025:14:01:50 +0000] \"GET /health HTTP/1.1\" 200 77 \"-\" \"-\"","service":"acquisitions-api"}
{"level":"info","message":"::1 - - [03/Nov/2025:14:09:09 +0000] \"GET /health HTTP/1.1\" 200 77 \"-\" \"-\"","service":"acquisitions-api"}
{"level":"info","message":"::1 - - [03/Nov/2025:14:11:13 +0000] \"GET /health HTTP/1.1\" 200 78 \"-\" \"-\"","service":"acquisitions-api"}
{"level":"info","message":"::1 - - [03/Nov/2025:14:11:43 +0000] \"GET /health HTTP/1.1\" 200 78 \"-\" \"-\"","service":"acquisitions-api"}
{"level":"info","message":"::1 - - [03/Nov/2025:14:12:13 +0000] \"GET /health HTTP/1.1\" 200 78 \"-\" \"-\"","service":"acquisitions-api"}
{"level":"info","message":"Getting users...","service":"acquisitions-api"}
{"level":"info","message":"::ffff:192.168.65.1 - - [03/Nov/2025:14:12:39 +0000] \"GET /api/users HTTP/1.1\" 200 63 \"-\" \"PostmanRuntime/7.49.1\"","service":"acquisitions-api"}
{"level":"info","message":"::1 - - [03/Nov/2025:14:12:43 +0000] \"GET /health HTTP/1.1\" 200 76 \"-\" \"-\"","service":"acquisitions-api"}
{"level":"info","message":"User abc@abc.com created successfully","service":"acquisitions-api"}
{"level":"info","message":"User registered successfully: abc@abc.com","service":"acquisitions-api"}
{"level":"info","message":"::ffff:192.168.65.1 - - [03/Nov/2025:14:12:51 +0000] \"POST /api/auth/sign-up HTTP/1.1\" 201 94 \"-\" \"PostmanRuntime/7.49.1\"","service":"acquisitions-api"}
{"level":"info","message":"Getting users...","service":"acquisitions-api"}
{"level":"info","message":"::ffff:192.168.65.1 - - [03/Nov/2025:14:12:55 +0000] \"GET /api/users HTTP/1.1\" 200 200 \"-\" \"PostmanRuntime/7.49.1\"","service":"acquisitions-api"}
{"level":"info","message":"::1 - - [03/Nov/2025:14:13:13 +0000] \"GET /health HTTP/1.1\" 200 76 \"-\" \"-\"","service":"acquisitions-api"}
{"level":"info","message":"::1 - - [03/Nov/2025:14:13:43 +0000] \"GET /health HTTP/1.1\" 200 76 \"-\" \"-\"","service":"acquisitions-api"}
{"level":"info","message":"::1 - - [03/Nov/2025:14:14:13 +0000] \"GET /health HTTP/1.1\" 200 77 \"-\" \"-\"","service":"acquisitions-api"}
{"level":"info","message":"::1 - - [03/Nov/2025:14:14:44 +0000] \"GET /health HTTP/1.1\" 200 77 \"-\" \"-\"","service":"acquisitions-api"}
{"level":"info","message":"::1 - - [03/Nov/2025:14:15:14 +0000] \"GET /health HTTP/1.1\" 200 75 \"-\" \"-\"","service":"acquisitions-api"}
{"level":"info","message":"::1 - - [03/Nov/2025:14:15:44 +0000] \"GET /health HTTP/1.1\" 200 76 \"-\" \"-\"","service":"acquisitions-api"}
{"level":"info","message":"::1 - - [03/Nov/2025:14:16:14 +0000] \"GET /health HTTP/1.1\" 200 77 \"-\" \"-\"","service":"acquisitions-api"}
{"level":"info","message":"::1 - - [03/Nov/2025:14:16:44 +0000] \"GET /health HTTP/1.1\" 200 77 \"-\" \"-\"","service":"acquisitions-api"}
{"level":"info","message":"::1 - - [03/Nov/2025:14:17:14 +0000] \"GET /health HTTP/1.1\" 200 77 \"-\" \"-\"","service":"acquisitions-api"}
{"level":"info","message":"::1 - - [03/Nov/2025:14:17:44 +0000] \"GET /health HTTP/1.1\" 200 77 \"-\" \"-\"","service":"acquisitions-api"}
{"level":"info","message":"::1 - - [03/Nov/2025:14:18:14 +0000] \"GET /health HTTP/1.1\" 200 77 \"-\" \"-\"","service":"acquisitions-api"}
{"level":"info","message":"::1 - - [03/Nov/2025:14:18:45 +0000] \"GET /health HTTP/1.1\" 200 77 \"-\" \"-\"","service":"acquisitions-api"}
{"level":"info","message":"::1 - - [03/Nov/2025:14:19:15 +0000] \"GET /health HTTP/1.1\" 200 77 \"-\" \"-\"","service":"acquisitions-api"}
{"level":"info","message":"::1 - - [03/Nov/2025:14:19:45 +0000] \"GET /health HTTP/1.1\" 200 77 \"-\" \"-\"","service":"acquisitions-api"}
{"level":"info","message":"::1 - - [03/Nov/2025:14:20:15 +0000] \"GET /health HTTP/1.1\" 200 77 \"-\" \"-\"","service":"acquisitions-api"}
{"level":"info","message":"::1 - - [03/Nov/2025:14:20:45 +0000] \"GET /health HTTP/1.1\" 200 77 \"-\" \"-\"","service":"acquisitions-api"}
{"level":"info","message":"::1 - - [03/Nov/2025:14:21:15 +0000] \"GET /health HTTP/1.1\" 200 77 \"-\" \"-\"","service":"acquisitions-api"}
{"level":"info","message":"::1 - - [03/Nov/2025:14:21:46 +0000] \"GET /health HTTP/1.1\" 200 77 \"-\" \"-\"","service":"acquisitions-api"}
{"level":"info","message":"::1 - - [03/Nov/2025:14:22:16 +0000] \"GET /health HTTP/1.1\" 200 76 \"-\" \"-\"","service":"acquisitions-api"}
{"level":"info","message":"::1 - - [03/Nov/2025:14:22:46 +0000] \"GET /health HTTP/1.1\" 200 77 \"-\" \"-\"","service":"acquisitions-api"}
{"level":"info","message":"::1 - - [03/Nov/2025:14:23:16 +0000] \"GET /health HTTP/1.1\" 200 77 \"-\" \"-\"","service":"acquisitions-api"}
{"level":"info","message":"::1 - - [03/Nov/2025:14:23:46 +0000] \"GET /health HTTP/1.1\" 200 77 \"-\" \"-\"","service":"acquisitions-api"}
{"level":"info","message":"::1 - - [03/Nov/2025:14:24:16 +0000] \"GET /health HTTP/1.1\" 200 77 \"-\" \"-\"","service":"acquisitions-api"}
{"level":"info","message":"::1 - - [03/Nov/2025:14:24:47 +0000] \"GET /health HTTP/1.1\" 200 77 \"-\" \"-\"","service":"acquisitions-api"}
{"level":"info","message":"::1 - - [03/Nov/2025:14:25:17 +0000] \"GET /health HTTP/1.1\" 200 77 \"-\" \"-\"","service":"acquisitions-api"}
{"level":"info","message":"::1 - - [03/Nov/2025:14:25:47 +0000] \"GET /health HTTP/1.1\" 200 77 \"-\" \"-\"","service":"acquisitions-api"}
{"level":"info","message":"::1 - - [03/Nov/2025:14:26:17 +0000] \"GET /health HTTP/1.1\" 200 76 \"-\" \"-\"","service":"acquisitions-api"}
{"level":"info","message":"::1 - - [03/Nov/2025:14:26:47 +0000] \"GET /health HTTP/1.1\" 200 77 \"-\" \"-\"","service":"acquisitions-api"}
{"level":"info","message":"::1 - - [03/Nov/2025:14:27:20 +0000] \"GET /health HTTP/1.1\" 200 77 \"-\" \"-\"","service":"acquisitions-api"}
{"level":"info","message":"::1 - - [03/Nov/2025:14:27:51 +0000] \"GET /health HTTP/1.1\" 200 77 \"-\" \"-\"","service":"acquisitions-api"}
{"level":"info","message":"::1 - - [03/Nov/2025:14:28:21 +0000] \"GET /health HTTP/1.1\" 200 77 \"-\" \"-\"","service":"acquisitions-api"}
{"level":"info","message":"::1 - - [03/Nov/2025:14:28:51 +0000] \"GET /health HTTP/1.1\" 200 77 \"-\" \"-\"","service":"acquisitions-api"}
{"level":"info","message":"::1 - - [03/Nov/2025:14:29:21 +0000] \"GET /health HTTP/1.1\" 200 78 \"-\" \"-\"","service":"acquisitions-api"}
{"level":"info","message":"::1 - - [03/Nov/2025:14:29:51 +0000] \"GET /health HTTP/1.1\" 200 78 \"-\" \"-\"","service":"acquisitions-api"}
{"level":"info","message":"::1 - - [03/Nov/2025:14:34:08 +0000] \"GET /health HTTP/1.1\" 200 78 \"-\" \"-\"","service":"acquisitions-api"}
{"level":"info","message":"::1 - - [03/Nov/2025:14:34:38 +0000] \"GET /health HTTP/1.1\" 200 78 \"-\" \"-\"","service":"acquisitions-api"}
{"level":"info","message":"::1 - - [03/Nov/2025:14:35:08 +0000] \"GET /health HTTP/1.1\" 200 77 \"-\" \"-\"","service":"acquisitions-api"}
{"level":"info","message":"::1 - - [03/Nov/2025:14:35:38 +0000] \"GET /health HTTP/1.1\" 200 78 \"-\" \"-\"","service":"acquisitions-api"}
{"level":"info","message":"::1 - - [03/Nov/2025:14:36:09 +0000] \"GET /health HTTP/1.1\" 200 78 \"-\" \"-\"","service":"acquisitions-api"}
{"level":"info","message":"::1 - - [03/Nov/2025:14:36:39 +0000] \"GET /health HTTP/1.1\" 200 78 \"-\" \"-\"","service":"acquisitions-api"}
{"level":"info","message":"::1 - - [03/Nov/2025:14:37:09 +0000] \"GET /health HTTP/1.1\" 200 78 \"-\" \"-\"","service":"acquisitions-api"}
{"level":"info","message":"::1 - - [03/Nov/2025:14:37:39 +0000] \"GET /health HTTP/1.1\" 200 78 \"-\" \"-\"","service":"acquisitions-api"}
{"level":"info","message":"::1 - - [03/Nov/2025:14:38:09 +0000] \"GET /health HTTP/1.1\" 200 75 \"-\" \"-\"","service":"acquisitions-api"}
{"level":"info","message":"::1 - - [03/Nov/2025:14:39:10 +0000] \"GET /health HTTP/1.1\" 200 75 \"-\" \"-\"","service":"acquisitions-api"}
{"level":"info","message":"::1 - - [03/Nov/2025:14:39:40 +0000] \"GET /health HTTP/1.1\" 200 76 \"-\" \"-\"","service":"acquisitions-api"}
{"level":"info","message":"::1 - - [03/Nov/2025:14:40:10 +0000] \"GET /health HTTP/1.1\" 200 76 \"-\" \"-\"","service":"acquisitions-api"}
{"level":"info","message":"::1 - - [03/Nov/2025:14:40:40 +0000] \"GET /health HTTP/1.1\" 200 77 \"-\" \"-\"","service":"acquisitions-api"}
itions-api"}
{"level":"info","message":"::ffff:127.0.0.1 - - [03/Nov/2025:14:40:38 +0000] \"GET /api HTTP/1.1\" 200 42 \"-\" \"-\"","service":"acquisitions-api"}
{"level":"info","message":"::ffff:127.0.0.1 - - [03/Nov/2025:14:40:38 +0000] \"GET /nonexsistent HTTP/1.1\" 404 27 \"-\" \"-\"","service":"acquisitions-api"}
{"level":"info","message":"::ffff:127.0.0.1 - - [03/Nov/2025:14:41:23 +0000] \"GET /health HTTP/1.1\" 200 75 \"-\" \"-\"","service":"acquisitions-api"}
{"level":"info","message":"::ffff:127.0.0.1 - - [03/Nov/2025:14:41:23 +0000] \"GET /api HTTP/1.1\" 200 42 \"-\" \"-\"","service":"acquisitions-api"}
{"level":"info","message":"::ffff:127.0.0.1 - - [03/Nov/2025:14:41:24 +0000] \"GET /nonexsistent HTTP/1.1\" 404 27 \"-\" \"-\"","service":"acquisitions-api"}
{"level":"info","message":"::ffff:127.0.0.1 - - [03/Nov/2025:14:42:05 +0000] \"GET /health HTTP/1.1\" 200 75 \"-\" \"-\"","service":"acquisitions-api"}
{"level":"info","message":"::ffff:127.0.0.1 - - [03/Nov/2025:14:42:05 +0000] \"GET /api HTTP/1.1\" 200 42 \"-\" \"-\"","service":"acquisitions-api"}
{"level":"info","message":"::ffff:127.0.0.1 - - [03/Nov/2025:14:42:05 +0000] \"GET /nonexsistent HTTP/1.1\" 404 27 \"-\" \"-\"","service":"acquisitions-api"}
{"level":"info","message":"::1 - - [03/Nov/2025:14:42:23 +0000] \"GET /health HTTP/1.1\" 200 75 \"-\" \"-\"","service":"acquisitions-api"}
{"level":"info","message":"::1 - - [03/Nov/2025:14:42:53 +0000] \"GET /health HTTP/1.1\" 200 76 \"-\" \"-\"","service":"acquisitions-api"}
{"level":"info","message":"::1 - - [03/Nov/2025:14:43:24 +0000] \"GET /health HTTP/1.1\" 200 76 \"-\" \"-\"","service":"acquisitions-api"}
{"level":"info","message":"::1 - - [03/Nov/2025:14:43:54 +0000] \"GET /health HTTP/1.1\" 200 76 \"-\" \"-\"","service":"acquisitions-api"}
{"level":"info","message":"::1 - - [03/Nov/2025:14:44:24 +0000] \"GET /health HTTP/1.1\" 200 77 \"-\" \"-\"","service":"acquisitions-api"}
{"level":"info","message":"::1 - - [03/Nov/2025:14:44:54 +0000] \"GET /health HTTP/1.1\" 200 77 \"-\" \"-\"","service":"acquisitions-api"}
{"level":"info","message":"::1 - - [03/Nov/2025:14:45:24 +0000] \"GET /health HTTP/1.1\" 200 77 \"-\" \"-\"","service":"acquisitions-api"}
{"level":"info","message":"::1 - - [03/Nov/2025:14:46:43 +0000] \"GET /health HTTP/1.1\" 200 77 \"-\" \"-\"","service":"acquisitions-api"}
{"level":"info","message":"::1 - - [03/Nov/2025:14:47:13 +0000] \"GET /health HTTP/1.1\" 200 77 \"-\" \"-\"","service":"acquisitions-api"}
{"level":"info","message":"::1 - - [03/Nov/2025:14:47:43 +0000] \"GET /health HTTP/1.1\" 200 77 \"-\" \"-\"","service":"acquisitions-api"}
{"level":"info","message":"::1 - - [03/Nov/2025:14:48:13 +0000] \"GET /health HTTP/1.1\" 200 76 \"-\" \"-\"","service":"acquisitions-api"}
{"level":"info","message":"::1 - - [03/Nov/2025:14:48:43 +0000] \"GET /health HTTP/1.1\" 200 77 \"-\" \"-\"","service":"acquisitions-api"}
{"level":"info","message":"::1 - - [03/Nov/2025:14:49:13 +0000] \"GET /health HTTP/1.1\" 200 77 \"-\" \"-\"","service":"acquisitions-api"}
{"level":"info","message":"::1 - - [03/Nov/2025:14:49:43 +0000] \"GET /health HTTP/1.1\" 200 77 \"-\" \"-\"","service":"acquisitions-api"}
{"level":"info","message":"::1 - - [03/Nov/2025:14:50:14 +0000] \"GET /health HTTP/1.1\" 200 77 \"-\" \"-\"","service":"acquisitions-api"}
{"level":"info","message":"::1 - - [03/Nov/2025:14:50:44 +0000] \"GET /health HTTP/1.1\" 200 76 \"-\" \"-\"","service":"acquisitions-api"}
{"level":"info","message":"::1 - - [03/Nov/2025:14:51:14 +0000] \"GET /health HTTP/1.1\" 200 77 \"-\" \"-\"","service":"acquisitions-api"}
{"level":"info","message":"::1 - - [03/Nov/2025:14:51:44 +0000] \"GET /health HTTP/1.1\" 200 77 \"-\" \"-\"","service":"acquisitions-api"}
{"level":"info","message":"::1 - - [03/Nov/2025:14:52:14 +0000] \"GET /health HTTP/1.1\" 200 77 \"-\" \"-\"","service":"acquisitions-api"}
{"level":"info","message":"::1 - - [03/Nov/2025:14:52:44 +0000] \"GET /health HTTP/1.1\" 200 77 \"-\" \"-\"","service":"acquisitions-api"}
{"level":"info","message":"::1 - - [03/Nov/2025:14:53:14 +0000] \"GET /health HTTP/1.1\" 200 77 \"-\" \"-\"","service":"acquisitions-api"}
{"level":"info","message":"::1 - - [03/Nov/2025:14:53:45 +0000] \"GET /health HTTP/1.1\" 200 77 \"-\" \"-\"","service":"acquisitions-api"}
{"level":"info","message":"::1 - - [03/Nov/2025:14:54:15 +0000] \"GET /health HTTP/1.1\" 200 77 \"-\" \"-\"","service":"acquisitions-api"}
{"level":"info","message":"::1 - - [03/Nov/2025:14:54:45 +0000] \"GET /health HTTP/1.1\" 200 77 \"-\" \"-\"","service":"acquisitions-api"}
{"level":"info","message":"::1 - - [03/Nov/2025:14:55:15 +0000] \"GET /health HTTP/1.1\" 200 77 \"-\" \"-\"","service":"acquisitions-api"}
{"level":"info","message":"::1 - - [03/Nov/2025:14:55:45 +0000] \"GET /health HTTP/1.1\" 200 77 \"-\" \"-\"","service":"acquisitions-api"}
{"level":"info","message":"::1 - - [03/Nov/2025:14:56:15 +0000] \"GET /health HTTP/1.1\" 200 77 \"-\" \"-\"","service":"acquisitions-api"}
{"level":"info","message":"::1 - - [03/Nov/2025:14:56:45 +0000] \"GET /health HTTP/1.1\" 200 77 \"-\" \"-\"","service":"acquisitions-api"}
{"level":"info","message":"::1 - - [03/Nov/2025:14:57:16 +0000] \"GET /health HTTP/1.1\" 200 77 \"-\" \"-\"","service":"acquisitions-api"}
{"level":"info","message":"::1 - - [03/Nov/2025:14:57:46 +0000] \"GET /health HTTP/1.1\" 200 77 \"-\" \"-\"","service":"acquisitions-api"}
{"level":"info","message":"::1 - - [03/Nov/2025:14:58:16 +0000] \"GET /health HTTP/1.1\" 200 77 \"-\" \"-\"","service":"acquisitions-api"}
{"level":"info","message":"::1 - - [03/Nov/2025:14:58:46 +0000] \"GET /health HTTP/1.1\" 200 77 \"-\" \"-\"","service":"acquisitions-api"}
{"level":"info","message":"::1 - - [03/Nov/2025:14:59:16 +0000] \"GET /health HTTP/1.1\" 200 77 \"-\" \"-\"","service":"acquisitions-api"}
{"level":"info","message":"::1 - - [03/Nov/2025:14:59:46 +0000] \"GET /health HTTP/1.1\" 200 77 \"-\" \"-\"","service":"acquisitions-api"}
{"level":"info","message":"::1 - - [03/Nov/2025:15:00:16 +0000] \"GET /health HTTP/1.1\" 200 78 \"-\" \"-\"","service":"acquisitions-api"}
{"level":"info","message":"::1 - - [03/Nov/2025:15:00:47 +0000] \"GET /health HTTP/1.1\" 200 78 \"-\" \"-\"","service":"acquisitions-api"}
{"level":"info","message":"::1 - - [03/Nov/2025:15:01:17 +0000] \"GET /health HTTP/1.1\" 200 77 \"-\" \"-\"","service":"acquisitions-api"}
{"level":"info","message":"::1 - - [03/Nov/2025:15:04:02 +0000] \"GET /health HTTP/1.1\" 200 77 \"-\" \"-\"","service":"acquisitions-api"}
{"level":"info","message":"::1 - - [03/Nov/2025:15:04:32 +0000] \"GET /health HTTP/1.1\" 200 78 \"-\" \"-\"","service":"acquisitions-api"}
{"level":"info","message":"::1 - - [03/Nov/2025:15:05:02 +0000] \"GET /health HTTP/1.1\" 200 78 \"-\" \"-\"","service":"acquisitions-api"}
{"level":"info","message":"::1 - - [03/Nov/2025:15:05:33 +0000] \"GET /health HTTP/1.1\" 200 78 \"-\" \"-\"","service":"acquisitions-api"}
{"level":"info","message":"::1 - - [03/Nov/2025:15:06:03 +0000] \"GET /health HTTP/1.1\" 200 78 \"-\" \"-\"","service":"acquisitions-api"}
{"level":"info","message":"::1 - - [03/Nov/2025:15:06:33 +0000] \"GET /health HTTP/1.1\" 200 78 \"-\" \"-\"","service":"acquisitions-api"}
{"level":"info","message":"::1 - - [03/Nov/2025:15:07:03 +0000] \"GET /health HTTP/1.1\" 200 78 \"-\" \"-\"","service":"acquisitions-api"}
{"level":"info","message":"::1 - - [03/Nov/2025:15:07:33 +0000] \"GET /health HTTP/1.1\" 200 78 \"-\" \"-\"","service":"acquisitions-api"}
{"level":"info","message":"::1 - - [03/Nov/2025:15:08:03 +0000] \"GET /health HTTP/1.1\" 200 78 \"-\" \"-\"","service":"acquisitions-api"}
{"level":"info","message":"::1 - - [03/Nov/2025:15:08:34 +0000] \"GET /health HTTP/1.1\" 200 78 \"-\" \"-\"","service":"acquisitions-api"}
{"level":"info","message":"::1 - - [03/Nov/2025:15:09:04 +0000] \"GET /health HTTP/1.1\" 200 78 \"-\" \"-\"","service":"acquisitions-api"}
{"level":"info","message":"::1 - - [03/Nov/2025:15:09:34 +0000] \"GET /health HTTP/1.1\" 200 78 \"-\" \"-\"","service":"acquisitions-api"}
{"level":"info","message":"::1 - - [03/Nov/2025:15:10:04 +0000] \"GET /health HTTP/1.1\" 200 78 \"-\" \"-\"","service":"acquisitions-api"}
{"level":"info","message":"::1 - - [03/Nov/2025:15:10:34 +0000] \"GET /health HTTP/1.1\" 200 78 \"-\" \"-\"","service":"acquisitions-api"}
{"level":"info","message":"::1 - - [03/Nov/2025:15:11:05 +0000] \"GET /health HTTP/1.1\" 200 78 \"-\" \"-\"","service":"acquisitions-api"}
{"level":"info","message":"::1 - - [03/Nov/2025:15:11:35 +0000] \"GET /health HTTP/1.1\" 200 78 \"-\" \"-\"","service":"acquisitions-api"}
{"level":"info","message":"::1 - - [03/Nov/2025:15:12:05 +0000] \"GET /health HTTP/1.1\" 200 77 \"-\" \"-\"","service":"acquisitions-api"}
{"level":"info","message":"::1 - - [03/Nov/2025:15:12:35 +0000] \"GET /health HTTP/1.1\" 200 78 \"-\" \"-\"","service":"acquisitions-api"}
{"level":"info","message":"::1 - - [03/Nov/2025:15:13:05 +0000] \"GET /health HTTP/1.1\" 200 78 \"-\" \"-\"","service":"acquisitions-api"}
{"level":"info","message":"::1 - - [03/Nov/2025:15:13:36 +0000] \"GET /health HTTP/1.1\" 200 77 \"-\" \"-\"","service":"acquisitions-api"}
{"level":"info","message":"::1 - - [03/Nov/2025:15:14:06 +0000] \"GET /health HTTP/1.1\" 200 78 \"-\" \"-\"","service":"acquisitions-api"}
